2021-03-04 19:51:43.823  INFO 28504 --- [restartedMain] com.easybuild.site.SiteApplication       : Starting SiteApplication on LAPTOP-9ODFKUNC with PID 28504 (started by Lenovo in C:\Users\Lenovo\Desktop\Personal Blog\Site\Site)
2021-03-04 19:51:43.833  INFO 28504 --- [restartedMain] com.easybuild.site.SiteApplication       : The following profiles are active: default
2021-03-04 19:51:43.902  INFO 28504 --- [restartedMain] .e.DevToolsPropertyDefaultsPostProcessor : Devtools property defaults active! Set 'spring.devtools.add-properties' to 'false' to disable
2021-03-04 19:51:43.902  INFO 28504 --- [restartedMain] .e.DevToolsPropertyDefaultsPostProcessor : For additional web related logging consider setting the 'logging.level.web' property to 'DEBUG'
2021-03-04 19:51:45.205  INFO 28504 --- [restartedMain] .s.d.r.c.RepositoryConfigurationDelegate : Bootstrapping Spring Data repositories in DEFAULT mode.
2021-03-04 19:51:45.343  INFO 28504 --- [restartedMain] .s.d.r.c.RepositoryConfigurationDelegate : Finished Spring Data repository scanning in 124ms. Found 4 repository interfaces.
2021-03-04 19:51:45.994  INFO 28504 --- [restartedMain] trationDelegate$BeanPostProcessorChecker : Bean 'org.springframework.transaction.annotation.ProxyTransactionManagementConfiguration' of type [org.springframework.transaction.annotation.ProxyTransactionManagementConfiguration$$EnhancerBySpringCGLIB$$a90bc84f] is not eligible for getting processed by all BeanPostProcessors (for example: not eligible for auto-proxying)
2021-03-04 19:51:46.057  INFO 28504 --- [restartedMain] trationDelegate$BeanPostProcessorChecker : Bean 'org.springframework.security.config.annotation.configuration.ObjectPostProcessorConfiguration' of type [org.springframework.security.config.annotation.configuration.ObjectPostProcessorConfiguration$$EnhancerBySpringCGLIB$$41b99089] is not eligible for getting processed by all BeanPostProcessors (for example: not eligible for auto-proxying)
2021-03-04 19:51:46.066  INFO 28504 --- [restartedMain] trationDelegate$BeanPostProcessorChecker : Bean 'objectPostProcessor' of type [org.springframework.security.config.annotation.configuration.AutowireBeanFactoryObjectPostProcessor] is not eligible for getting processed by all BeanPostProcessors (for example: not eligible for auto-proxying)
2021-03-04 19:51:46.069  INFO 28504 --- [restartedMain] trationDelegate$BeanPostProcessorChecker : Bean 'org.springframework.security.access.expression.method.DefaultMethodSecurityExpressionHandler@32b47289' of type [org.springframework.security.access.expression.method.DefaultMethodSecurityExpressionHandler] is not eligible for getting processed by all BeanPostProcessors (for example: not eligible for auto-proxying)
2021-03-04 19:51:46.073  INFO 28504 --- [restartedMain] trationDelegate$BeanPostProcessorChecker : Bean 'org.springframework.security.config.annotation.method.configuration.GlobalMethodSecurityConfiguration' of type [org.springframework.security.config.annotation.method.configuration.GlobalMethodSecurityConfiguration$$EnhancerBySpringCGLIB$$668e333b] is not eligible for getting processed by all BeanPostProcessors (for example: not eligible for auto-proxying)
2021-03-04 19:51:46.078  INFO 28504 --- [restartedMain] trationDelegate$BeanPostProcessorChecker : Bean 'methodSecurityMetadataSource' of type [org.springframework.security.access.method.DelegatingMethodSecurityMetadataSource] is not eligible for getting processed by all BeanPostProcessors (for example: not eligible for auto-proxying)
2021-03-04 19:51:46.090  INFO 28504 --- [restartedMain] trationDelegate$BeanPostProcessorChecker : Bean 'org.springframework.hateoas.config.HateoasConfiguration' of type [org.springframework.hateoas.config.HateoasConfiguration$$EnhancerBySpringCGLIB$$288c1581] is not eligible for getting processed by all BeanPostProcessors (for example: not eligible for auto-proxying)
2021-03-04 19:51:46.880  INFO 28504 --- [restartedMain] o.s.b.w.embedded.tomcat.TomcatWebServer  : Tomcat initialized with port(s): 8181 (http)
2021-03-04 19:51:46.912  INFO 28504 --- [restartedMain] o.apache.catalina.core.StandardService   : Starting service [Tomcat]
2021-03-04 19:51:46.913  INFO 28504 --- [restartedMain] org.apache.catalina.core.StandardEngine  : Starting Servlet engine: [Apache Tomcat/9.0.21]
2021-03-04 19:51:46.929  INFO 28504 --- [restartedMain] o.a.catalina.core.AprLifecycleListener   : Loaded APR based Apache Tomcat Native library [1.2.23] using APR version [1.7.0].
2021-03-04 19:51:46.929  INFO 28504 --- [restartedMain] o.a.catalina.core.AprLifecycleListener   : APR capabilities: IPv6 [true], sendfile [true], accept filters [false], random [true].
2021-03-04 19:51:46.929  INFO 28504 --- [restartedMain] o.a.catalina.core.AprLifecycleListener   : APR/OpenSSL configuration: useAprConnector [false], useOpenSSL [true]
2021-03-04 19:51:46.932  INFO 28504 --- [restartedMain] o.a.catalina.core.AprLifecycleListener   : OpenSSL successfully initialized [OpenSSL 1.1.1c  28 May 2019]
2021-03-04 19:51:47.052  INFO 28504 --- [restartedMain] o.a.c.c.C.[Tomcat].[localhost].[/]       : Initializing Spring embedded WebApplicationContext
2021-03-04 19:51:47.053  INFO 28504 --- [restartedMain] o.s.web.context.ContextLoader            : Root WebApplicationContext: initialization completed in 3151 ms
2021-03-04 19:51:47.420  INFO 28504 --- [restartedMain] com.zaxxer.hikari.HikariDataSource       : HikariPool-1 - Starting...
2021-03-04 19:51:47.625  INFO 28504 --- [restartedMain] com.zaxxer.hikari.HikariDataSource       : HikariPool-1 - Start completed.
2021-03-04 19:51:47.730  INFO 28504 --- [restartedMain] o.hibernate.jpa.internal.util.LogHelper  : HHH000204: Processing PersistenceUnitInfo [
	name: default
	...]
2021-03-04 19:51:47.830  INFO 28504 --- [restartedMain] org.hibernate.Version                    : HHH000412: Hibernate Core {5.3.10.Final}
2021-03-04 19:51:47.834  INFO 28504 --- [restartedMain] org.hibernate.cfg.Environment            : HHH000206: hibernate.properties not found
2021-03-04 19:51:48.040  INFO 28504 --- [restartedMain] o.hibernate.annotations.common.Version   : HCANN000001: Hibernate Commons Annotations {5.0.4.Final}
2021-03-04 19:51:48.257  INFO 28504 --- [restartedMain] org.hibernate.dialect.Dialect            : HHH000400: Using dialect: org.hibernate.dialect.MySQL5Dialect
2021-03-04 19:51:49.345  INFO 28504 --- [restartedMain] j.LocalContainerEntityManagerFactoryBean : Initialized JPA EntityManagerFactory for persistence unit 'default'
2021-03-04 19:51:50.199  INFO 28504 --- [restartedMain] o.s.b.d.a.OptionalLiveReloadServer       : LiveReload server is running on port 35729
2021-03-04 19:51:51.402  INFO 28504 --- [restartedMain] o.s.s.web.DefaultSecurityFilterChain     : Creating filter chain: Ant [pattern='/**'], [org.springframework.security.web.context.request.async.WebAsyncManagerIntegrationFilter@6fb61c1, org.springframework.security.web.context.SecurityContextPersistenceFilter@46d4c2a3, org.springframework.security.web.header.HeaderWriterFilter@2d8d4c90, org.springframework.security.web.authentication.logout.LogoutFilter@223f4fb5, com.easybuild.site.security.JwtRequestFilter@67831b7c, org.springframework.security.web.savedrequest.RequestCacheAwareFilter@6884fff4, org.springframework.security.web.servletapi.SecurityContextHolderAwareRequestFilter@11cfd6d9, org.springframework.security.web.authentication.AnonymousAuthenticationFilter@177bb274, org.springframework.security.web.session.SessionManagementFilter@62092670, org.springframework.security.web.access.ExceptionTranslationFilter@5c20a371, org.springframework.security.web.access.intercept.FilterSecurityInterceptor@20ded543]
2021-03-04 19:51:51.755  INFO 28504 --- [restartedMain] o.s.s.concurrent.ThreadPoolTaskExecutor  : Initializing ExecutorService 'applicationTaskExecutor'
2021-03-04 19:51:51.844  WARN 28504 --- [restartedMain] aWebConfiguration$JpaWebMvcConfiguration : spring.jpa.open-in-view is enabled by default. Therefore, database queries may be performed during view rendering. Explicitly configure spring.jpa.open-in-view to disable this warning
2021-03-04 19:51:52.685  INFO 28504 --- [restartedMain] o.s.b.w.embedded.tomcat.TomcatWebServer  : Tomcat started on port(s): 8181 (http) with context path ''
2021-03-04 19:51:52.688  INFO 28504 --- [restartedMain] com.easybuild.site.SiteApplication       : Started SiteApplication in 9.344 seconds (JVM running for 10.139)
